<?xml version="1.0" encoding="UTF-8"?>
<testng-results skipped="0" failed="0" ignored="0" total="2" passed="2">
  <reporter-output>
  </reporter-output>
  <suite name="Floow_V1" duration-ms="68717" started-at="2020-03-11T06:07:51Z" finished-at="2020-03-11T06:09:00Z">
    <groups>
    </groups>
    <test name="Test" duration-ms="68717" started-at="2020-03-11T06:07:51Z" finished-at="2020-03-11T06:09:00Z">
      <class name="testCases.NavigatingHomeParameters">
        <test-method status="PASS" signature="setup()[pri:0, instance:testCases.NavigatingHomeParameters@6c3708b3]" name="setup" is-config="true" duration-ms="10335" started-at="2020-03-11T06:08:38Z" finished-at="2020-03-11T06:08:49Z">
          <reporter-output>
          </reporter-output>
        </test-method> <!-- setup -->
        <test-method status="PASS" signature="allParamterstraverse()[pri:0, instance:testCases.NavigatingHomeParameters@6c3708b3]" name="allParamterstraverse" duration-ms="10201" started-at="2020-03-11T06:08:49Z" finished-at="2020-03-11T06:08:59Z">
          <reporter-output>
          </reporter-output>
        </test-method> <!-- allParamterstraverse -->
        <test-method status="PASS" signature="tearDown()[pri:0, instance:testCases.NavigatingHomeParameters@6c3708b3]" name="tearDown" is-config="true" duration-ms="848" started-at="2020-03-11T06:08:59Z" finished-at="2020-03-11T06:09:00Z">
          <reporter-output>
          </reporter-output>
        </test-method> <!-- tearDown -->
      </class> <!-- testCases.NavigatingHomeParameters -->
      <class name="testCases.StartApplication">
        <test-method status="PASS" signature="setup()[pri:0, instance:testCases.StartApplication@3e9b1010]" name="setup" is-config="true" duration-ms="13169" started-at="2020-03-11T06:07:51Z" finished-at="2020-03-11T06:08:04Z">
          <reporter-output>
          </reporter-output>
        </test-method> <!-- setup -->
        <test-method status="PASS" signature="launchingFloow()[pri:0, instance:testCases.StartApplication@3e9b1010]" name="launchingFloow" duration-ms="33220" started-at="2020-03-11T06:08:04Z" finished-at="2020-03-11T06:08:38Z">
          <reporter-output>
          </reporter-output>
        </test-method> <!-- launchingFloow -->
        <test-method status="PASS" signature="tearDown()[pri:0, instance:testCases.StartApplication@3e9b1010]" name="tearDown" is-config="true" duration-ms="907" started-at="2020-03-11T06:08:38Z" finished-at="2020-03-11T06:08:38Z">
          <reporter-output>
          </reporter-output>
        </test-method> <!-- tearDown -->
      </class> <!-- testCases.StartApplication -->
    </test> <!-- Test -->
  </suite> <!-- Floow_V1 -->
</testng-results>
