<?xml version="1.0" encoding="UTF-8"?>
<!-- Generated by org.testng.reporters.JUnitXMLReporter -->
<testsuite hostname="DESKTOP-TQ0TQVC" ignored="0" name="Test" tests="1" failures="1" timestamp="10 Mar 2020 10:53:26 GMT" time="11.789" errors="0">
  <testcase name="testCal" time="0.038" classname="testCases.StartApplication">
    <failure type="java.lang.NullPointerException">
      <![CDATA[java.lang.NullPointerException
at org.openqa.selenium.support.pagefactory.DefaultElementLocator.findElement(DefaultElementLocator.java:69)
at org.openqa.selenium.support.pagefactory.internal.LocatingElementHandler.invoke(LocatingElementHandler.java:38)
at com.sun.proxy.$Proxy10.click(Unknown Source)
at pageObjects.Homepage.clickMobile_btn(Homepage.java:34)
at testCases.StartApplication.testCal(StartApplication.java:35)
... Removed 25 stack frames]]>
    </failure>
  </testcase> <!-- testCal -->
</testsuite> <!-- Test -->
