<?xml version="1.0" encoding="UTF-8"?>
<!-- Generated by org.testng.reporters.JUnitXMLReporter -->
<testsuite hostname="DESKTOP-TQ0TQVC" ignored="0" name="Test" tests="5" failures="0" timestamp="11 Mar 2020 13:11:15 GMT" time="112.197" errors="0">
  <testcase name="launchingFloow" time="11.781" classname="testCases.StartApplication"/>
  <testcase name="traverseHJM" time="8.057" classname="testCases.HomeJourneyMoreOptions"/>
  <testcase name="allParamterstraverse" time="9.475" classname="testCases.NavigatingHomeParameters"/>
  <testcase name="JourneyParameterspresent" time="4.969" classname="testCases.JourneyParametersPresent"/>
  <testcase name="allParamterstraverse" time="19.655" classname="testCases.SelectingPreferences"/>
</testsuite> <!-- Test -->
